<?xml version="1.0" encoding="UTF-8" ?>
<testsuite failures="0" time="0.733" errors="0" skipped="0" tests="12" name="org.sikuli.slides.apps.ExecuteMainTest">
  <properties>
[...]
</properties>
  <testcase time="0.718" classname="org.sikuli.slides.apps.ExecuteMainTest" name="testRangeDefaultToAll"/>
  <testcase time="0" classname="org.sikuli.slides.apps.ExecuteMainTest" name="testRange2andLater"/>
  <testcase time="0" classname="org.sikuli.slides.apps.ExecuteMainTest" name="testMinScoreTooBig"/>
  <testcase time="0" classname="org.sikuli.slides.apps.ExecuteMainTest" name="testBadOptionName"/>
  <testcase time="0" classname="org.sikuli.slides.apps.ExecuteMainTest" name="testInputIsAFilePath"/>
  <testcase time="0" classname="org.sikuli.slides.apps.ExecuteMainTest" name="testInputIsAnURL"/>
  <testcase time="0" classname="org.sikuli.slides.apps.ExecuteMainTest" name="testRange2to3"/>
  <testcase time="0.015" classname="org.sikuli.slides.apps.ExecuteMainTest" name="testRange2"/>
  <testcase time="0" classname="org.sikuli.slides.apps.ExecuteMainTest" name="testScreenId"/>
  <testcase time="0" classname="org.sikuli.slides.apps.ExecuteMainTest" name="testWaitTime"/>
  <testcase time="0" classname="org.sikuli.slides.apps.ExecuteMainTest" name="testMinScore"/>
  <testcase time="0" classname="org.sikuli.slides.apps.ExecuteMainTest" name="testNoInput"/>
</testsuite>